<?xml version="1.0" encoding="UTF-8"?>
<!-- Generated by org.testng.reporters.JUnitXMLReporter -->
<testsuite ignored="0" hostname="DESKTOP-POUQ0L1" failures="0" tests="3" name="Default test" time="49.429" errors="0" timestamp="2022-04-01T19:34:07 ICT">
  <testcase classname="iNews.Berita.TestcasePOM" name="test1" time="16.794"/>
  <testcase classname="iNews.Berita.TestcasePOM" name="test2" time="22.006"/>
  <testcase classname="iNews.Berita.TestcasePOM" name="test3" time="2.022"/>
</testsuite> <!-- Default test -->
