<?xml version="1.0" encoding="UTF-8"?>
<testng-results ignored="0" total="3" passed="3" failed="0" skipped="0">
  <reporter-output>
  </reporter-output>
  <suite started-at="2022-04-01T19:33:17 ICT" name="Default suite" finished-at="2022-04-01T19:34:07 ICT" duration-ms="49429">
    <groups>
    </groups>
    <test started-at="2022-04-01T19:33:17 ICT" name="Default test" finished-at="2022-04-01T19:34:07 ICT" duration-ms="49429">
      <class name="iNews.Berita.TestcasePOM">
        <test-method is-config="true" signature="before()[pri:0, instance:iNews.Berita.TestcasePOM@6cd28fa7]" started-at="2022-04-01T19:33:17 ICT" name="before" finished-at="2022-04-01T19:33:22 ICT" duration-ms="4134" status="PASS">
          <reporter-output>
          </reporter-output>
        </test-method> <!-- before -->
        <test-method signature="test1()[pri:1, instance:iNews.Berita.TestcasePOM@6cd28fa7]" started-at="2022-04-01T19:33:22 ICT" name="test1" finished-at="2022-04-01T19:33:38 ICT" duration-ms="16794" status="PASS">
          <reporter-output>
          </reporter-output>
        </test-method> <!-- test1 -->
        <test-method signature="test2()[pri:2, instance:iNews.Berita.TestcasePOM@6cd28fa7]" started-at="2022-04-01T19:33:38 ICT" name="test2" finished-at="2022-04-01T19:34:00 ICT" duration-ms="22006" status="PASS">
          <reporter-output>
          </reporter-output>
        </test-method> <!-- test2 -->
        <test-method signature="test3()[pri:3, instance:iNews.Berita.TestcasePOM@6cd28fa7]" started-at="2022-04-01T19:34:00 ICT" name="test3" finished-at="2022-04-01T19:34:02 ICT" duration-ms="2022" status="PASS">
          <reporter-output>
          </reporter-output>
        </test-method> <!-- test3 -->
        <test-method is-config="true" signature="tutup()[pri:0, instance:iNews.Berita.TestcasePOM@6cd28fa7]" started-at="2022-04-01T19:34:02 ICT" name="tutup" finished-at="2022-04-01T19:34:07 ICT" duration-ms="4410" status="PASS">
          <reporter-output>
          </reporter-output>
        </test-method> <!-- tutup -->
      </class> <!-- iNews.Berita.TestcasePOM -->
    </test> <!-- Default test -->
  </suite> <!-- Default suite -->
</testng-results>
